{
  "stats": {
    "suites": 2,
    "tests": 3,
    "passes": 3,
    "pending": 0,
    "failures": 0,
    "start": "2025-06-21T05:16:09.632Z",
    "end": "2025-06-21T05:16:18.285Z",
    "duration": 8653,
    "testsRegistered": 3,
    "passPercent": 100,
    "pendingPercent": 0,
    "other": 0,
    "hasOther": false,
    "skipped": 0,
    "hasSkipped": false
  },
  "results": [
    {
      "uuid": "8dcbbc1b-4e0c-4363-be08-a2c374014c6a",
      "title": "",
      "fullFile": "",
      "file": "",
      "beforeHooks": [],
      "afterHooks": [],
      "tests": [],
      "suites": [
        {
          "uuid": "7a616dee-0cf8-4aa5-bd01-45b687ac8b74",
          "title": "SauceDemo Functional Tests",
          "fullFile": "C:\\Users\\mbsim\\Desktop\\WebUI\\tests\\saucedemo-test.js",
          "file": "\\tests\\saucedemo-test.js",
          "beforeHooks": [
            {
              "title": "\"before all\" hook in \"SauceDemo Functional Tests\"",
              "fullTitle": "SauceDemo Functional Tests \"before all\" hook in \"SauceDemo Functional Tests\"",
              "timedOut": false,
              "duration": 1839,
              "state": null,
              "speed": null,
              "pass": false,
              "fail": false,
              "pending": false,
              "context": null,
              "code": "driver = await new Builder().forBrowser('chrome').build();",
              "err": {},
              "uuid": "c0a0ab10-f88c-45a1-994d-35178b4d181f",
              "parentUUID": "7a616dee-0cf8-4aa5-bd01-45b687ac8b74",
              "isHook": true,
              "skipped": false
            }
          ],
          "afterHooks": [
            {
              "title": "\"after all\" hook in \"SauceDemo Functional Tests\"",
              "fullTitle": "SauceDemo Functional Tests \"after all\" hook in \"SauceDemo Functional Tests\"",
              "timedOut": false,
              "duration": 33,
              "state": null,
              "speed": null,
              "pass": false,
              "fail": false,
              "pending": false,
              "context": null,
              "code": "await driver.quit();",
              "err": {},
              "uuid": "16dd4d46-9d5b-432b-b9d2-3a707505737b",
              "parentUUID": "7a616dee-0cf8-4aa5-bd01-45b687ac8b74",
              "isHook": true,
              "skipped": false
            }
          ],
          "tests": [
            {
              "title": "should login successfully",
              "fullTitle": "SauceDemo Functional Tests should login successfully",
              "timedOut": false,
              "duration": 2463,
              "state": "passed",
              "speed": "slow",
              "pass": true,
              "fail": false,
              "pending": false,
              "context": null,
              "code": "await driver.get('https://www.saucedemo.com');\n// Enter username and password\nawait driver.findElement(By.id('user-name')).sendKeys('standard_user');\nawait driver.findElement(By.id('password')).sendKeys('secret_sauce');\n// Click login button\nawait driver.findElement(By.id('login-button')).click();\n// Validate successful login by checking presence of inventory page\nconst inventoryHeader = await driver.wait(\n    until.elementLocated(By.className('title')),\n    5000\n);\nconst headerText = await inventoryHeader.getText();\nassert.strictEqual(headerText, 'Products');",
              "err": {},
              "uuid": "00bbbcd4-d46b-443c-b93b-970567dc7003",
              "parentUUID": "7a616dee-0cf8-4aa5-bd01-45b687ac8b74",
              "isHook": false,
              "skipped": false
            },
            {
              "title": "should sort products Z-A",
              "fullTitle": "SauceDemo Functional Tests should sort products Z-A",
              "timedOut": false,
              "duration": 158,
              "state": "passed",
              "speed": "slow",
              "pass": true,
              "fail": false,
              "pending": false,
              "context": null,
              "code": "// Select the sorting dropdown and choose \"Z-A\"\nconst sortDropdown = await driver.findElement(By.className('product_sort_container'));\nawait sortDropdown.click();\nawait sortDropdown.findElement(By.css('option[value=\"za\"]')).click();\n// Validate sorting\nconst productNames = await driver.findElements(By.className('inventory_item_name'));\nconst names = await Promise.all(productNames.map(async (element) => await element.getText()));\nconst sortedNames = [...names].sort(); // Sort names alphabetically\nsortedNames.sort((a,b) => b.localeCompare(a,undefined,{sensitivity:'base'}));\nassert.deepStrictEqual(names, sortedNames, 'Products are not sorted alphabetically Z-A');",
              "err": {},
              "uuid": "cd561e68-9a3a-4363-bde9-5ff664a7c515",
              "parentUUID": "7a616dee-0cf8-4aa5-bd01-45b687ac8b74",
              "isHook": false,
              "skipped": false
            }
          ],
          "suites": [],
          "passes": [
            "00bbbcd4-d46b-443c-b93b-970567dc7003",
            "cd561e68-9a3a-4363-bde9-5ff664a7c515"
          ],
          "failures": [],
          "pending": [],
          "skipped": [],
          "duration": 2621,
          "root": false,
          "rootEmpty": false,
          "_timeout": 60000
        },
        {
          "uuid": "90edc301-99ed-4057-a501-a6895958afd0",
          "title": "Google Search Test",
          "fullFile": "C:\\Users\\mbsim\\Desktop\\WebUI\\tests\\test-sauce.js",
          "file": "\\tests\\test-sauce.js",
          "beforeHooks": [],
          "afterHooks": [],
          "tests": [
            {
              "title": "Visit SauceDemo dan cek page title",
              "fullTitle": "Google Search Test Visit SauceDemo dan cek page title",
              "timedOut": false,
              "duration": 4154,
              "state": "passed",
              "speed": "slow",
              "pass": true,
              "fail": false,
              "pending": false,
              "context": null,
              "code": "driver = await new Builder().forBrowser('chrome').build();\nawait driver.get('https://www.saucedemo.com');\nconst title = await driver.getTitle();\nawait driver.quit();",
              "err": {},
              "uuid": "4171ef7a-09a4-4629-8fb1-ad81a36fca61",
              "parentUUID": "90edc301-99ed-4057-a501-a6895958afd0",
              "isHook": false,
              "skipped": false
            }
          ],
          "suites": [],
          "passes": [
            "4171ef7a-09a4-4629-8fb1-ad81a36fca61"
          ],
          "failures": [],
          "pending": [],
          "skipped": [],
          "duration": 4154,
          "root": false,
          "rootEmpty": false,
          "_timeout": 60000
        }
      ],
      "passes": [],
      "failures": [],
      "pending": [],
      "skipped": [],
      "duration": 0,
      "root": true,
      "rootEmpty": true,
      "_timeout": 60000
    }
  ],
  "meta": {
    "mocha": {
      "version": "10.8.2"
    },
    "mochawesome": {
      "options": {
        "quiet": false,
        "reportFilename": "mochawesome",
        "saveHtml": true,
        "saveJson": true,
        "consoleReporter": "spec",
        "useInlineDiffs": false,
        "code": true
      },
      "version": "7.1.3"
    },
    "marge": {
      "options": null,
      "version": "6.2.0"
    }
  }
}